<?xml version="1.0" encoding="UTF-8"?>
<!-- Generated by org.testng.reporters.JUnitReportReporter -->
<testsuite hostname="TAOBAO-E401950E" name="com.netease.demo.TestNg" tests="2" failures="0" timestamp="13 Mar 2013 08:15:30 GMT" time="5.437" errors="0">
  <testcase name="doTest" time="2.156" classname="com.netease.demo.TestNg"/>
  <testcase name="doTest" time="3.281" classname="com.netease.demo.TestNg"/>
</testsuite> <!-- com.netease.demo.TestNg -->
